<?xml version="1.0" encoding="UTF-8"?>
<!-- Generated by org.testng.reporters.JUnitReportReporter -->
<testsuite hostname="DESKTOP-Q0LJU2L" failures="0" tests="1" name="testCases.TC02_LoginTest" time="1.163" errors="0" timestamp="2025-01-06T19:22:57 IST" skipped="0">
  <testcase classname="testCases.TC02_LoginTest" name="verify_login" time="1.163"/>
</testsuite> <!-- testCases.TC02_LoginTest -->
