<?xml version="1.0" encoding="UTF-8"?>
<!-- Generated by org.testng.reporters.JUnitReportReporter -->
<testsuite hostname="DESKTOP-Q0LJU2L" failures="0" tests="1" name="testCases.TC01_AccountRegistrationPage" time="1.622" errors="0" timestamp="2025-01-06T19:22:57 IST" skipped="0">
  <testcase classname="testCases.TC01_AccountRegistrationPage" name="verify_account_registration" time="1.622"/>
</testsuite> <!-- testCases.TC01_AccountRegistrationPage -->
